manifest-merger-release-report.txt
-- Merging decision tree log ---
manifest
ADDED from AndroidManifest.xml:2:1
	xmlns:android
		ADDED from AndroidManifest.xml:2:11
	package
		ADDED from AndroidManifest.xml:3:2
	android:versionName
		ADDED from AndroidManifest.xml:5:2
	android:versionCode
		ADDED from AndroidManifest.xml:4:2
		INJECTED from AndroidManifest.xml:0:0
		INJECTED from AndroidManifest.xml:0:0
	android:installLocation
		ADDED from AndroidManifest.xml:6:2
uses-sdk
ADDED from AndroidManifest.xml:8:2
MERGED from thunder-stopwatch:thunder-stopwatch-library:unspecified:8:5
	android:targetSdkVersion
		ADDED from AndroidManifest.xml:9:7
	android:minSdkVersion
		ADDED from AndroidManifest.xml:8:12
application
ADDED from AndroidManifest.xml:16:2
MERGED from thunder-stopwatch:thunder-stopwatch-library:unspecified:12:5
	android:label
		ADDED from AndroidManifest.xml:18:3
	android:icon
		ADDED from AndroidManifest.xml:16:15
	android:name
		ADDED from AndroidManifest.xml:17:6
activity#com.forrestguice.thunderwatch.free.ThunderClockExt
ADDED from AndroidManifest.xml:20:3
	android:label
		ADDED from AndroidManifest.xml:21:4
	android:icon
		ADDED from AndroidManifest.xml:23:4
	android:theme
		ADDED from AndroidManifest.xml:22:4
	android:name
		ADDED from AndroidManifest.xml:20:13
intent-filter#android.intent.action.MAIN+android.intent.category.LAUNCHER
ADDED from AndroidManifest.xml:24:4
action#android.intent.action.MAIN
ADDED from AndroidManifest.xml:25:5
	android:name
		ADDED from AndroidManifest.xml:25:13
category#android.intent.category.LAUNCHER
ADDED from AndroidManifest.xml:26:5
	android:name
		ADDED from AndroidManifest.xml:26:15
activity#com.forrestguice.thunderwatch.lib.SimpleThunderClockView
ADDED from AndroidManifest.xml:31:3
MERGED from thunder-stopwatch:thunder-stopwatch-library:unspecified:29:9
	android:label
		ADDED from AndroidManifest.xml:32:4
	android:name
		ADDED from AndroidManifest.xml:31:13
activity#com.forrestguice.thunderwatch.lib.LogThunderClockView
ADDED from AndroidManifest.xml:35:3
MERGED from thunder-stopwatch:thunder-stopwatch-library:unspecified:34:9
	android:label
		ADDED from AndroidManifest.xml:35:82
	android:name
		ADDED from AndroidManifest.xml:35:13
activity#com.forrestguice.thunderwatch.free.ThunderClockHelpExt
ADDED from AndroidManifest.xml:38:3
	android:label
		ADDED from AndroidManifest.xml:38:83
	android:name
		ADDED from AndroidManifest.xml:38:13
activity#com.forrestguice.thunderwatch.lib.HelpAboutThunderClockView
ADDED from AndroidManifest.xml:41:3
MERGED from thunder-stopwatch:thunder-stopwatch-library:unspecified:44:9
	android:label
		ADDED from AndroidManifest.xml:42:4
	android:name
		ADDED from AndroidManifest.xml:41:13
activity#com.forrestguice.thunderwatch.lib.HelpSafetyThunderClockView
ADDED from AndroidManifest.xml:45:3
MERGED from thunder-stopwatch:thunder-stopwatch-library:unspecified:49:9
	android:label
		ADDED from AndroidManifest.xml:46:4
	android:name
		ADDED from AndroidManifest.xml:45:13
activity#com.forrestguice.thunderwatch.lib.HelpHowtoThunderClockView
ADDED from AndroidManifest.xml:49:3
MERGED from thunder-stopwatch:thunder-stopwatch-library:unspecified:54:9
	android:label
		ADDED from AndroidManifest.xml:50:4
	android:name
		ADDED from AndroidManifest.xml:49:13
activity#com.forrestguice.thunderwatch.free.ThunderClockSettingsExt
ADDED from AndroidManifest.xml:53:3
	android:label
		ADDED from AndroidManifest.xml:53:87
	android:name
		ADDED from AndroidManifest.xml:53:13
activity#com.forrestguice.thunderwatch.lib.ThunderClock
ADDED from thunder-stopwatch:thunder-stopwatch-library:unspecified:16:9
	android:label
		ADDED from thunder-stopwatch:thunder-stopwatch-library:unspecified:19:13
	android:icon
		ADDED from thunder-stopwatch:thunder-stopwatch-library:unspecified:18:13
	android:theme
		ADDED from thunder-stopwatch:thunder-stopwatch-library:unspecified:20:13
	android:name
		ADDED from thunder-stopwatch:thunder-stopwatch-library:unspecified:17:13
activity#com.forrestguice.thunderwatch.lib.ThunderClockHelp
ADDED from thunder-stopwatch:thunder-stopwatch-library:unspecified:39:9
	android:label
		ADDED from thunder-stopwatch:thunder-stopwatch-library:unspecified:41:13
	android:name
		ADDED from thunder-stopwatch:thunder-stopwatch-library:unspecified:40:13
activity#com.forrestguice.thunderwatch.lib.ThunderClockSettings
ADDED from thunder-stopwatch:thunder-stopwatch-library:unspecified:59:9
	android:label
		ADDED from thunder-stopwatch:thunder-stopwatch-library:unspecified:61:13
	android:name
		ADDED from thunder-stopwatch:thunder-stopwatch-library:unspecified:60:13